\BOOKMARK [1][-]{section.1}{Introduction}{}% 1
\BOOKMARK [2][-]{subsection.1.1}{Motivation}{section.1}% 2
\BOOKMARK [2][-]{subsection.1.2}{Problem statement}{section.1}% 3
\BOOKMARK [2][-]{subsection.1.3}{Delimitations}{section.1}% 4
\BOOKMARK [2][-]{subsection.1.4}{Research methodology}{section.1}% 5
\BOOKMARK [2][-]{subsection.1.5}{Expected contributions}{section.1}% 6
\BOOKMARK [2][-]{subsection.1.6}{Related work}{section.1}% 7
\BOOKMARK [2][-]{subsection.1.7}{Structure of the Report}{section.1}% 8
\BOOKMARK [1][-]{section.2}{Background}{}% 9
\BOOKMARK [2][-]{subsection.2.1}{Internet of Things - network stack}{section.2}% 10
\BOOKMARK [3][-]{subsubsection.2.1.1}{IEEE 802.15.4}{subsection.2.1}% 11
\BOOKMARK [3][-]{subsubsection.2.1.2}{IPv4, IPv6}{subsection.2.1}% 12
\BOOKMARK [3][-]{subsubsection.2.1.3}{6LowPAN}{subsection.2.1}% 13
\BOOKMARK [3][-]{subsubsection.2.1.4}{MQTT, MQTT-SN}{subsection.2.1}% 14
\BOOKMARK [3][-]{subsubsection.2.1.5}{CoAP}{subsection.2.1}% 15
\BOOKMARK [2][-]{subsection.2.2}{Information Centric Networking}{section.2}% 16
\BOOKMARK [3][-]{subsubsection.2.2.1}{Content-Centric Networking}{subsection.2.2}% 17
\BOOKMARK [3][-]{subsubsection.2.2.2}{Using ICN for IoT}{subsection.2.2}% 18
\BOOKMARK [3][-]{subsubsection.2.2.3}{CCN-lite}{subsection.2.2}% 19
\BOOKMARK [2][-]{subsection.2.3}{Contiki-OS}{section.2}% 20
\BOOKMARK [3][-]{subsubsection.2.3.1}{6LBR}{subsection.2.3}% 21
\BOOKMARK [3][-]{subsubsection.2.3.2}{Sparrow}{subsection.2.3}% 22
\BOOKMARK [3][-]{subsubsection.2.3.3}{CCN-lite portation}{subsection.2.3}% 23
\BOOKMARK [2][-]{subsection.2.4}{Hardware}{section.2}% 24
\BOOKMARK [3][-]{subsubsection.2.4.1}{Texas Instrument CC2650 SensorTag}{subsection.2.4}% 25
\BOOKMARK [3][-]{subsubsection.2.4.2}{Raspberry Pi 3}{subsection.2.4}% 26
\BOOKMARK [1][-]{section.3}{Experiment implementation/setup}{}% 27
\BOOKMARK [2][-]{subsection.3.1}{Delimitations}{section.3}% 28
\BOOKMARK [1][-]{section.4}{ping/peek performance test 1}{}% 29
\BOOKMARK [2][-]{subsection.4.1}{Purpose}{section.4}% 30
\BOOKMARK [2][-]{subsection.4.2}{Exprimental setup}{section.4}% 31
\BOOKMARK [2][-]{subsection.4.3}{Result}{section.4}% 32
\BOOKMARK [1][-]{section.5}{Suitable evaluation test}{}% 33
\BOOKMARK [2][-]{subsection.5.1}{Purpose}{section.5}% 34
\BOOKMARK [2][-]{subsection.5.2}{Method}{section.5}% 35
\BOOKMARK [2][-]{subsection.5.3}{Result}{section.5}% 36
\BOOKMARK [1][-]{section.6}{Discussion}{}% 37
\BOOKMARK [1][-]{section.7}{Conclusion}{}% 38
\BOOKMARK [2][-]{subsection.7.1}{Future work}{section.7}% 39
